[2026-01-09 21:18:32] ============================================================
[2026-01-09 21:18:32] CALLALLY CONTINUOUS HUNTER STARTED
[2026-01-09 21:18:32] ============================================================
[2026-01-09 21:18:32] Running initial campaign...
[2026-01-09 21:18:32] Starting morning email campaign...
[2026-01-09 21:18:32] Error in morning emails: 'NoneType' object has no attribute 'get'
[2026-01-09 21:18:32] Pipeline: 15 leads, 0.0% conversion
[2026-01-09 21:18:32] Scheduler started. Running every scheduled time.
[2026-01-09 21:18:32] Press Ctrl+C to stop.
[2026-01-09 22:18:33] Pipeline: 67 leads, 0.0% conversion
[2026-01-09 22:24:35] ============================================================
[2026-01-09 22:24:35] CALLALLY AGGRESSIVE SALES HUNTER - ACTIVATED
[2026-01-09 22:24:35] ============================================================
[2026-01-09 22:24:35] 
[2026-01-09 22:24:35] Mission: Hunt down that first customer. Do not stop.
[2026-01-09 22:24:35] 
[2026-01-09 22:24:35] Starting with 67 leads in database
[2026-01-09 22:24:35] Previously sent 67 emails
[2026-01-09 22:24:35] 
[2026-01-09 22:24:35] Running initial email blast...
[2026-01-09 22:24:35] ==================================================
[2026-01-09 22:24:35] MORNING BLAST - Starting email campaign
[2026-01-09 22:24:35] Morning blast complete: 0 sent, 0 failed
[2026-01-09 22:24:35] STATS: 67 leads | 67 emails sent | 67 unique contacts
[2026-01-09 22:24:35] 
[2026-01-09 22:24:35] Scheduler running. Hunting 24/7.
[2026-01-09 22:24:35] Next campaigns scheduled for 9AM, 12PM, 3PM, 6PM daily.
[2026-01-09 22:24:35] 
[2026-01-09 23:24:35] STATS: 67 leads | 67 emails sent | 67 unique contacts
[2026-01-10 00:42:00] STATS: 67 leads | 67 emails sent | 67 unique contacts
[2026-01-10 01:42:00] STATS: 67 leads | 67 emails sent | 67 unique contacts
[2026-01-10 02:42:01] STATS: 67 leads | 67 emails sent | 67 unique contacts
[2026-01-10 03:42:01] STATS: 67 leads | 67 emails sent | 67 unique contacts
[2026-01-10 04:42:02] STATS: 67 leads | 67 emails sent | 67 unique contacts
[2026-01-10 05:42:02] STATS: 67 leads | 67 emails sent | 67 unique contacts
[2026-01-10 06:42:03] STATS: 67 leads | 67 emails sent | 67 unique contacts
[2026-01-10 07:42:04] STATS: 67 leads | 67 emails sent | 67 unique contacts
[2026-01-10 08:42:05] STATS: 67 leads | 67 emails sent | 67 unique contacts
[2026-01-10 09:00:05] ==================================================
[2026-01-10 09:00:05] MORNING BLAST - Starting email campaign
[2026-01-10 09:00:05] Morning blast complete: 0 sent, 0 failed
[2026-01-10 09:42:05] STATS: 67 leads | 67 emails sent | 67 unique contacts
[2026-01-10 10:46:22] STATS: 67 leads | 67 emails sent | 67 unique contacts
[2026-01-10 11:46:24] STATS: 67 leads | 67 emails sent | 67 unique contacts
[2026-01-10 12:05:25] ==================================================
[2026-01-10 12:05:25] MIDDAY PUSH - Follow-up emails
[2026-01-10 12:05:25] Midday push complete: 0 sent
[2026-01-10 12:48:52] STATS: 67 leads | 67 emails sent | 67 unique contacts
[2026-01-10 14:02:51] STATS: 67 leads | 67 emails sent | 67 unique contacts
[2026-01-10 15:00:21] ==================================================
[2026-01-10 15:00:21] AFTERNOON SURGE - More outreach
[2026-01-10 15:00:21] Afternoon surge complete: 0 sent
[2026-01-10 15:02:59] STATS: 67 leads | 67 emails sent | 67 unique contacts
[2026-01-10 16:03:17] STATS: 67 leads | 67 emails sent | 67 unique contacts
[2026-01-10 17:15:03] STATS: 67 leads | 67 emails sent | 67 unique contacts
[2026-01-10 18:03:08] ==================================================
[2026-01-10 18:03:08] EVENING CLOSE - Final push
[2026-01-10 18:03:08] Evening close complete: 0 sent
[2026-01-10 18:17:58] STATS: 67 leads | 67 emails sent | 67 unique contacts
[2026-01-10 19:26:31] STATS: 67 leads | 67 emails sent | 67 unique contacts
